c:\users\kim\documents\visual studio 2015\projects\litet_spel\ls\release\vc140.pdb
c:\users\kim\documents\visual studio 2015\projects\litet_spel\ls\release\node.obj
c:\users\kim\documents\visual studio 2015\projects\litet_spel\ls\release\model.obj
c:\users\kim\documents\visual studio 2015\projects\litet_spel\ls\release\main.obj
c:\users\kim\documents\visual studio 2015\projects\litet_spel\ls\release\shader.obj
c:\users\kim\documents\visual studio 2015\projects\litet_spel\ls\release\texdata.obj
c:\users\kim\documents\visual studio 2015\projects\litet_spel\ls\release\samplerobject.obj
c:\users\kim\documents\visual studio 2015\projects\litet_spel\ls\release\glfunctions.obj
c:\users\kim\documents\visual studio 2015\projects\litet_spel\ls\release\fbodata.obj
c:\users\kim\documents\visual studio 2015\projects\litet_spel\ls\release\camera.obj
c:\users\kim\documents\visual studio 2015\projects\litet_spel\ls\release\griddatastructure.obj
c:\users\kim\documents\visual studio 2015\projects\litet_spel\release\ls.exe
c:\users\kim\documents\visual studio 2015\projects\litet_spel\release\ls.ipdb
c:\users\kim\documents\visual studio 2015\projects\litet_spel\release\ls.iobj
c:\users\kim\documents\visual studio 2015\projects\litet_spel\release\ls.pdb
c:\users\kim\documents\visual studio 2015\projects\litet_spel\ls\release\ls.tlog\cl.command.1.tlog
c:\users\kim\documents\visual studio 2015\projects\litet_spel\ls\release\ls.tlog\cl.read.1.tlog
c:\users\kim\documents\visual studio 2015\projects\litet_spel\ls\release\ls.tlog\cl.write.1.tlog
c:\users\kim\documents\visual studio 2015\projects\litet_spel\ls\release\ls.tlog\link.command.1.tlog
c:\users\kim\documents\visual studio 2015\projects\litet_spel\ls\release\ls.tlog\link.read.1.tlog
c:\users\kim\documents\visual studio 2015\projects\litet_spel\ls\release\ls.tlog\link.write.1.tlog
