  GridDataStructure.cpp
src\GridDataStructure.cpp(18): warning C4244: 'initializing': conversion from 'float' to 'unsigned int', possible loss of data
src\GridDataStructure.cpp(21): warning C4244: 'initializing': conversion from 'float' to 'unsigned int', possible loss of data
src\GridDataStructure.cpp(95): warning C4244: '=': conversion from 'int' to 'float', possible loss of data
src\GridDataStructure.cpp(96): warning C4244: '=': conversion from 'int' to 'float', possible loss of data
src\GridDataStructure.cpp(106): warning C4244: '=': conversion from 'int' to 'float', possible loss of data
src\GridDataStructure.cpp(107): warning C4244: '=': conversion from 'int' to 'float', possible loss of data
src\GridDataStructure.cpp(63): warning C4101: 'index': unreferenced local variable
src\GridDataStructure.cpp(64): warning C4101: 'heeight': unreferenced local variable
  camera.cpp
src\camera.cpp(20): warning C4244: '=': conversion from 'int' to 'float', possible loss of data
src\camera.cpp(21): warning C4244: '=': conversion from 'int' to 'float', possible loss of data
src\camera.cpp(64): warning C4244: 'return': conversion from 'double' to 'float', possible loss of data
  FBOData.cpp
  GLFunctions.cpp
  SamplerObject.cpp
  TexData.cpp
  Shader.cpp
  main.cpp
src\main.cpp(82): warning C4305: 'argument': truncation from 'double' to 'float'
  Model.cpp
  node.cpp
src\node.cpp(40): warning C4018: '<': signed/unsigned mismatch
src\node.cpp(143): warning C4305: '-=': truncation from 'double' to 'float'
src\node.cpp(144): warning C4305: '-=': truncation from 'double' to 'float'
src\node.cpp(145): warning C4305: '-=': truncation from 'double' to 'float'
src\node.cpp(147): warning C4305: '+=': truncation from 'double' to 'float'
src\node.cpp(148): warning C4305: '+=': truncation from 'double' to 'float'
src\node.cpp(149): warning C4305: '+=': truncation from 'double' to 'float'
  Generating code
  All 310 functions were compiled because no usable IPDB/IOBJ from previous compilation was found.
  Finished generating code
glew32s.lib(glew.obj) : warning LNK4099: PDB 'vc120.pdb' was not found with 'glew32s.lib(glew.obj)' or at 'C:\Users\Kim\Documents\Visual Studio 2015\Projects\Litet_spel\Release\vc120.pdb'; linking object as if no debug info
  LS.vcxproj -> C:\Users\Kim\Documents\Visual Studio 2015\Projects\Litet_spel\Release\LS.exe
  LS.vcxproj -> C:\Users\Kim\Documents\Visual Studio 2015\Projects\Litet_spel\Release\LS.pdb (Full PDB)
